{"timestamp":"2025-09-24T18:37:44.230864Z","level":"INFO","fields":{"message":"Initilizing"},"target":"ssb"}
{"timestamp":"2025-09-24T18:37:44.231153Z","level":"INFO","fields":{"message":"Found port for web server: 5446"},"target":"ssb"}
{"timestamp":"2025-09-24T18:37:44.231199Z","level":"INFO","fields":{"message":"Starting watcher"},"target":"simple_site_builder::watcher"}
{"timestamp":"2025-09-24T18:37:44.231263Z","level":"INFO","fields":{"message":"Starting builder"},"target":"simple_site_builder::builder"}
{"timestamp":"2025-09-24T18:37:44.231263Z","level":"INFO","fields":{"message":"Starting web server"},"target":"simple_site_builder::server"}
{"timestamp":"2025-09-24T18:37:44.231382Z","level":"INFO","fields":{"message":"Building site"},"target":"simple_site_builder::builder"}
{"timestamp":"2025-09-24T18:37:44.231525Z","level":"INFO","fields":{"message":"obtaining pathset","config_pathset":"[WatchedPath { path: \"content\", recursive: true }]"},"target":"watchexec::sources::fs"}
{"timestamp":"2025-09-24T18:37:44.233433Z","level":"INFO","fields":{"message":"Reloading browser for: http://localhost:5446/"},"target":"simple_site_builder::builder"}
{"timestamp":"2025-09-24T18:39:07.330553Z","level":"INFO","fields":{"message":"Building site"},"target":"simple_site_builder::builder"}
{"timestamp":"2025-09-24T18:39:07.358656Z","level":"INFO","fields":{"message":"Reloading browser for: http://localhost:5446/"},"target":"simple_site_builder::builder"}
{"timestamp":"2025-09-24T18:39:20.565954Z","level":"INFO","fields":{"message":"Building site"},"target":"simple_site_builder::builder"}
{"timestamp":"2025-09-24T18:39:20.610852Z","level":"INFO","fields":{"message":"Reloading browser for: http://localhost:5446/"},"target":"simple_site_builder::builder"}
{"timestamp":"2025-09-24T18:40:53.040618Z","level":"INFO","fields":{"message":"Building site"},"target":"simple_site_builder::builder"}
{"timestamp":"2025-09-24T18:40:53.063518Z","level":"INFO","fields":{"message":"Reloading browser for: http://localhost:5446/"},"target":"simple_site_builder::builder"}
{"timestamp":"2025-09-24T18:41:27.506913Z","level":"INFO","fields":{"message":"Building site"},"target":"simple_site_builder::builder"}
{"timestamp":"2025-09-24T18:41:27.537308Z","level":"INFO","fields":{"message":"Reloading browser for: http://localhost:5446/"},"target":"simple_site_builder::builder"}
{"timestamp":"2025-09-24T18:41:53.414906Z","level":"INFO","fields":{"message":"Building site"},"target":"simple_site_builder::builder"}
{"timestamp":"2025-09-24T18:41:53.448622Z","level":"INFO","fields":{"message":"Reloading browser for: http://localhost:5446/"},"target":"simple_site_builder::builder"}
{"timestamp":"2025-09-24T18:45:08.740576Z","level":"INFO","fields":{"message":"Building site"},"target":"simple_site_builder::builder"}
{"timestamp":"2025-09-24T18:45:08.765362Z","level":"INFO","fields":{"message":"Reloading browser for: http://localhost:5446/"},"target":"simple_site_builder::builder"}
{"timestamp":"2025-09-24T18:45:57.829695Z","level":"INFO","fields":{"message":"Building site"},"target":"simple_site_builder::builder"}
{"timestamp":"2025-09-24T18:45:57.853297Z","level":"INFO","fields":{"message":"Reloading browser for: http://localhost:5446/"},"target":"simple_site_builder::builder"}
{"timestamp":"2025-09-24T18:46:10.540292Z","level":"INFO","fields":{"message":"Building site"},"target":"simple_site_builder::builder"}
{"timestamp":"2025-09-24T18:46:10.574864Z","level":"INFO","fields":{"message":"Reloading browser for: http://localhost:5446/"},"target":"simple_site_builder::builder"}
{"timestamp":"2025-09-24T18:46:19.908805Z","level":"INFO","fields":{"message":"Building site"},"target":"simple_site_builder::builder"}
{"timestamp":"2025-09-24T18:46:19.928674Z","level":"INFO","fields":{"message":"Reloading browser for: http://localhost:5446/"},"target":"simple_site_builder::builder"}
{"timestamp":"2025-09-24T18:46:46.962663Z","level":"INFO","fields":{"message":"Building site"},"target":"simple_site_builder::builder"}
{"timestamp":"2025-09-24T18:46:47.006412Z","level":"INFO","fields":{"message":"Reloading browser for: http://localhost:5446/"},"target":"simple_site_builder::builder"}
{"timestamp":"2025-09-24T18:46:59.053050Z","level":"INFO","fields":{"message":"Building site"},"target":"simple_site_builder::builder"}
{"timestamp":"2025-09-24T18:46:59.073825Z","level":"INFO","fields":{"message":"Reloading browser for: http://localhost:5446/"},"target":"simple_site_builder::builder"}
{"timestamp":"2025-09-24T18:47:04.994376Z","level":"INFO","fields":{"message":"Building site"},"target":"simple_site_builder::builder"}
{"timestamp":"2025-09-24T18:47:05.023508Z","level":"INFO","fields":{"message":"Reloading browser for: http://localhost:5446/"},"target":"simple_site_builder::builder"}
{"timestamp":"2025-09-24T18:48:20.480727Z","level":"INFO","fields":{"message":"Building site"},"target":"simple_site_builder::builder"}
{"timestamp":"2025-09-24T18:48:20.511319Z","level":"INFO","fields":{"message":"Reloading browser for: http://localhost:5446/"},"target":"simple_site_builder::builder"}
{"timestamp":"2025-09-24T18:48:46.067294Z","level":"INFO","fields":{"message":"Building site"},"target":"simple_site_builder::builder"}
{"timestamp":"2025-09-24T18:48:46.086621Z","level":"INFO","fields":{"message":"Reloading browser for: http://localhost:5446/"},"target":"simple_site_builder::builder"}
{"timestamp":"2025-09-24T18:48:52.063663Z","level":"INFO","fields":{"message":"Building site"},"target":"simple_site_builder::builder"}
{"timestamp":"2025-09-24T18:48:52.105742Z","level":"INFO","fields":{"message":"Reloading browser for: http://localhost:5446/"},"target":"simple_site_builder::builder"}
{"timestamp":"2025-09-24T18:49:53.137073Z","level":"INFO","fields":{"message":"Building site"},"target":"simple_site_builder::builder"}
{"timestamp":"2025-09-24T18:49:53.165261Z","level":"INFO","fields":{"message":"Reloading browser for: http://localhost:5446/"},"target":"simple_site_builder::builder"}
{"timestamp":"2025-09-24T18:49:58.735315Z","level":"INFO","fields":{"message":"Building site"},"target":"simple_site_builder::builder"}
{"timestamp":"2025-09-24T18:49:58.770417Z","level":"INFO","fields":{"message":"Reloading browser for: http://localhost:5446/"},"target":"simple_site_builder::builder"}
{"timestamp":"2025-09-24T18:50:03.515630Z","level":"INFO","fields":{"message":"Building site"},"target":"simple_site_builder::builder"}
{"timestamp":"2025-09-24T18:50:03.559392Z","level":"INFO","fields":{"message":"Reloading browser for: http://localhost:5446/"},"target":"simple_site_builder::builder"}
{"timestamp":"2025-09-24T18:50:07.043605Z","level":"INFO","fields":{"message":"Building site"},"target":"simple_site_builder::builder"}
{"timestamp":"2025-09-24T18:50:07.080607Z","level":"INFO","fields":{"message":"Reloading browser for: http://localhost:5446/"},"target":"simple_site_builder::builder"}
{"timestamp":"2025-09-24T18:50:14.206014Z","level":"INFO","fields":{"message":"Building site"},"target":"simple_site_builder::builder"}
{"timestamp":"2025-09-24T18:50:14.237186Z","level":"INFO","fields":{"message":"Reloading browser for: http://localhost:5446/"},"target":"simple_site_builder::builder"}
{"timestamp":"2025-09-24T18:53:07.404765Z","level":"INFO","fields":{"message":"Building site"},"target":"simple_site_builder::builder"}
{"timestamp":"2025-09-24T18:53:07.429770Z","level":"INFO","fields":{"message":"Reloading browser for: http://localhost:5446/"},"target":"simple_site_builder::builder"}
{"timestamp":"2025-09-24T18:54:01.049140Z","level":"INFO","fields":{"message":"Building site"},"target":"simple_site_builder::builder"}
{"timestamp":"2025-09-24T18:54:01.086798Z","level":"INFO","fields":{"message":"Reloading browser for: http://localhost:5446/"},"target":"simple_site_builder::builder"}
{"timestamp":"2025-09-24T18:55:55.743957Z","level":"INFO","fields":{"message":"Building site"},"target":"simple_site_builder::builder"}
{"timestamp":"2025-09-24T18:55:55.784169Z","level":"INFO","fields":{"message":"Reloading browser for: http://localhost:5446/"},"target":"simple_site_builder::builder"}
{"timestamp":"2025-09-24T18:56:51.503468Z","level":"INFO","fields":{"message":"Building site"},"target":"simple_site_builder::builder"}
{"timestamp":"2025-09-24T18:56:51.544249Z","level":"INFO","fields":{"message":"Reloading browser for: http://localhost:5446/"},"target":"simple_site_builder::builder"}
{"timestamp":"2025-09-24T18:57:43.617146Z","level":"INFO","fields":{"message":"Building site"},"target":"simple_site_builder::builder"}
{"timestamp":"2025-09-24T18:57:43.649186Z","level":"INFO","fields":{"message":"Reloading browser for: http://localhost:5446/"},"target":"simple_site_builder::builder"}
{"timestamp":"2025-09-24T18:58:51.959080Z","level":"INFO","fields":{"message":"Building site"},"target":"simple_site_builder::builder"}
{"timestamp":"2025-09-24T18:58:51.994652Z","level":"INFO","fields":{"message":"Reloading browser for: http://localhost:5446/"},"target":"simple_site_builder::builder"}
{"timestamp":"2025-09-24T18:59:12.059578Z","level":"INFO","fields":{"message":"Building site"},"target":"simple_site_builder::builder"}
{"timestamp":"2025-09-24T18:59:12.085914Z","level":"INFO","fields":{"message":"Reloading browser for: http://localhost:5446/"},"target":"simple_site_builder::builder"}
{"timestamp":"2025-09-24T18:59:20.208703Z","level":"INFO","fields":{"message":"Building site"},"target":"simple_site_builder::builder"}
{"timestamp":"2025-09-24T18:59:20.243175Z","level":"INFO","fields":{"message":"Reloading browser for: http://localhost:5446/"},"target":"simple_site_builder::builder"}
{"timestamp":"2025-09-24T18:59:26.616345Z","level":"INFO","fields":{"message":"Building site"},"target":"simple_site_builder::builder"}
{"timestamp":"2025-09-24T18:59:26.641543Z","level":"INFO","fields":{"message":"Reloading browser for: http://localhost:5446/"},"target":"simple_site_builder::builder"}
{"timestamp":"2025-09-24T18:59:58.729534Z","level":"INFO","fields":{"message":"Building site"},"target":"simple_site_builder::builder"}
{"timestamp":"2025-09-24T18:59:58.770760Z","level":"INFO","fields":{"message":"Reloading browser for: http://localhost:5446/"},"target":"simple_site_builder::builder"}
{"timestamp":"2025-09-24T19:01:04.319516Z","level":"INFO","fields":{"message":"Building site"},"target":"simple_site_builder::builder"}
{"timestamp":"2025-09-24T19:01:04.356215Z","level":"INFO","fields":{"message":"Reloading browser for: http://localhost:5446/"},"target":"simple_site_builder::builder"}
{"timestamp":"2025-09-24T19:01:17.717991Z","level":"INFO","fields":{"message":"Building site"},"target":"simple_site_builder::builder"}
{"timestamp":"2025-09-24T19:01:17.752300Z","level":"INFO","fields":{"message":"Reloading browser for: http://localhost:5446/"},"target":"simple_site_builder::builder"}
{"timestamp":"2025-09-24T19:01:38.396008Z","level":"INFO","fields":{"message":"Building site"},"target":"simple_site_builder::builder"}
{"timestamp":"2025-09-24T19:01:38.426373Z","level":"INFO","fields":{"message":"Reloading browser for: http://localhost:5446/"},"target":"simple_site_builder::builder"}
{"timestamp":"2025-09-24T19:01:55.977188Z","level":"INFO","fields":{"message":"Building site"},"target":"simple_site_builder::builder"}
{"timestamp":"2025-09-24T19:01:56.009342Z","level":"INFO","fields":{"message":"Reloading browser for: http://localhost:5446/"},"target":"simple_site_builder::builder"}
{"timestamp":"2025-09-24T19:02:05.280962Z","level":"INFO","fields":{"message":"Building site"},"target":"simple_site_builder::builder"}
{"timestamp":"2025-09-24T19:02:05.323925Z","level":"INFO","fields":{"message":"Reloading browser for: http://localhost:5446/"},"target":"simple_site_builder::builder"}
{"timestamp":"2025-09-24T19:02:09.305579Z","level":"INFO","fields":{"message":"Building site"},"target":"simple_site_builder::builder"}
{"timestamp":"2025-09-24T19:02:09.349659Z","level":"INFO","fields":{"message":"Reloading browser for: http://localhost:5446/"},"target":"simple_site_builder::builder"}
{"timestamp":"2025-09-24T19:02:11.124851Z","level":"INFO","fields":{"message":"Building site"},"target":"simple_site_builder::builder"}
{"timestamp":"2025-09-24T19:02:11.162462Z","level":"INFO","fields":{"message":"Reloading browser for: http://localhost:5446/"},"target":"simple_site_builder::builder"}
{"timestamp":"2025-09-24T19:03:33.956937Z","level":"INFO","fields":{"message":"Building site"},"target":"simple_site_builder::builder"}
{"timestamp":"2025-09-24T19:03:33.999953Z","level":"INFO","fields":{"message":"Reloading browser for: http://localhost:5446/"},"target":"simple_site_builder::builder"}
{"timestamp":"2025-09-24T19:04:01.429569Z","level":"INFO","fields":{"message":"Building site"},"target":"simple_site_builder::builder"}
{"timestamp":"2025-09-24T19:04:01.466782Z","level":"INFO","fields":{"message":"Reloading browser for: http://localhost:5446/"},"target":"simple_site_builder::builder"}
{"timestamp":"2025-09-24T19:04:45.310830Z","level":"INFO","fields":{"message":"Building site"},"target":"simple_site_builder::builder"}
{"timestamp":"2025-09-24T19:04:45.353208Z","level":"INFO","fields":{"message":"Reloading browser for: http://localhost:5446/"},"target":"simple_site_builder::builder"}
{"timestamp":"2025-09-24T19:05:23.614543Z","level":"INFO","fields":{"message":"Building site"},"target":"simple_site_builder::builder"}
{"timestamp":"2025-09-24T19:05:23.664710Z","level":"INFO","fields":{"message":"Reloading browser for: http://localhost:5446/"},"target":"simple_site_builder::builder"}
{"timestamp":"2025-09-24T19:06:08.035139Z","level":"INFO","fields":{"message":"Building site"},"target":"simple_site_builder::builder"}
{"timestamp":"2025-09-24T19:06:08.080266Z","level":"INFO","fields":{"message":"Reloading browser for: http://localhost:5446/"},"target":"simple_site_builder::builder"}
{"timestamp":"2025-09-24T19:06:46.621117Z","level":"INFO","fields":{"message":"Building site"},"target":"simple_site_builder::builder"}
{"timestamp":"2025-09-24T19:06:46.679446Z","level":"INFO","fields":{"message":"Reloading browser for: http://localhost:5446/"},"target":"simple_site_builder::builder"}
{"timestamp":"2025-09-24T19:07:07.985287Z","level":"INFO","fields":{"message":"Building site"},"target":"simple_site_builder::builder"}
{"timestamp":"2025-09-24T19:07:08.033858Z","level":"INFO","fields":{"message":"Reloading browser for: http://localhost:5446/"},"target":"simple_site_builder::builder"}
{"timestamp":"2025-09-24T19:07:19.904503Z","level":"INFO","fields":{"message":"Building site"},"target":"simple_site_builder::builder"}
{"timestamp":"2025-09-24T19:07:19.953107Z","level":"INFO","fields":{"message":"Reloading browser for: http://localhost:5446/"},"target":"simple_site_builder::builder"}
{"timestamp":"2025-09-24T19:07:42.444280Z","level":"INFO","fields":{"message":"Building site"},"target":"simple_site_builder::builder"}
{"timestamp":"2025-09-24T19:07:42.489124Z","level":"INFO","fields":{"message":"Reloading browser for: http://localhost:5446/"},"target":"simple_site_builder::builder"}
{"timestamp":"2025-09-24T19:08:08.619660Z","level":"INFO","fields":{"message":"Building site"},"target":"simple_site_builder::builder"}
{"timestamp":"2025-09-24T19:08:08.658064Z","level":"INFO","fields":{"message":"Reloading browser for: http://localhost:5446/"},"target":"simple_site_builder::builder"}
{"timestamp":"2025-09-24T19:08:27.930289Z","level":"INFO","fields":{"message":"Building site"},"target":"simple_site_builder::builder"}
{"timestamp":"2025-09-24T19:08:27.979134Z","level":"INFO","fields":{"message":"Reloading browser for: http://localhost:5446/"},"target":"simple_site_builder::builder"}
{"timestamp":"2025-09-24T19:08:39.660627Z","level":"INFO","fields":{"message":"Building site"},"target":"simple_site_builder::builder"}
{"timestamp":"2025-09-24T19:08:39.711963Z","level":"INFO","fields":{"message":"Reloading browser for: http://localhost:5446/"},"target":"simple_site_builder::builder"}
{"timestamp":"2025-09-24T19:08:58.824936Z","level":"INFO","fields":{"message":"Building site"},"target":"simple_site_builder::builder"}
{"timestamp":"2025-09-24T19:09:28.202078Z","level":"INFO","fields":{"message":"Initilizing"},"target":"ssb"}
{"timestamp":"2025-09-24T19:09:28.202397Z","level":"INFO","fields":{"message":"Found port for web server: 5446"},"target":"ssb"}
{"timestamp":"2025-09-24T19:09:28.202444Z","level":"INFO","fields":{"message":"Starting watcher"},"target":"simple_site_builder::watcher"}
{"timestamp":"2025-09-24T19:09:28.202508Z","level":"INFO","fields":{"message":"Starting web server"},"target":"simple_site_builder::server"}
{"timestamp":"2025-09-24T19:09:28.202508Z","level":"INFO","fields":{"message":"Starting builder"},"target":"simple_site_builder::builder"}
{"timestamp":"2025-09-24T19:09:28.202628Z","level":"INFO","fields":{"message":"obtaining pathset","config_pathset":"[WatchedPath { path: \"content\", recursive: true }]"},"target":"watchexec::sources::fs"}
{"timestamp":"2025-09-24T19:09:28.202666Z","level":"INFO","fields":{"message":"Building site"},"target":"simple_site_builder::builder"}
{"timestamp":"2025-09-24T19:09:28.239750Z","level":"INFO","fields":{"message":"Reloading browser for: http://localhost:5446/"},"target":"simple_site_builder::builder"}
{"timestamp":"2025-09-24T19:09:39.417915Z","level":"INFO","fields":{"message":"Building site"},"target":"simple_site_builder::builder"}
{"timestamp":"2025-09-24T19:09:39.462630Z","level":"INFO","fields":{"message":"Reloading browser for: http://localhost:5446/"},"target":"simple_site_builder::builder"}
{"timestamp":"2025-09-24T19:09:46.446437Z","level":"INFO","fields":{"message":"Building site"},"target":"simple_site_builder::builder"}
{"timestamp":"2025-09-24T19:09:46.489487Z","level":"INFO","fields":{"message":"Reloading browser for: http://localhost:5446/"},"target":"simple_site_builder::builder"}
{"timestamp":"2025-09-24T19:09:47.431566Z","level":"INFO","fields":{"message":"Building site"},"target":"simple_site_builder::builder"}
{"timestamp":"2025-09-24T19:09:47.471189Z","level":"INFO","fields":{"message":"Reloading browser for: http://localhost:5446/"},"target":"simple_site_builder::builder"}
{"timestamp":"2025-09-24T19:10:12.101437Z","level":"INFO","fields":{"message":"Building site"},"target":"simple_site_builder::builder"}
{"timestamp":"2025-09-24T19:11:04.100274Z","level":"INFO","fields":{"message":"Initilizing"},"target":"ssb"}
{"timestamp":"2025-09-24T19:11:04.100541Z","level":"INFO","fields":{"message":"Found port for web server: 5446"},"target":"ssb"}
{"timestamp":"2025-09-24T19:11:04.100577Z","level":"INFO","fields":{"message":"Starting watcher"},"target":"simple_site_builder::watcher"}
{"timestamp":"2025-09-24T19:11:04.100651Z","level":"INFO","fields":{"message":"Starting builder"},"target":"simple_site_builder::builder"}
{"timestamp":"2025-09-24T19:11:04.100640Z","level":"INFO","fields":{"message":"Starting web server"},"target":"simple_site_builder::server"}
{"timestamp":"2025-09-24T19:11:04.100695Z","level":"INFO","fields":{"message":"Building site"},"target":"simple_site_builder::builder"}
{"timestamp":"2025-09-24T19:11:04.100760Z","level":"INFO","fields":{"message":"obtaining pathset","config_pathset":"[WatchedPath { path: \"content\", recursive: true }]"},"target":"watchexec::sources::fs"}
{"timestamp":"2025-09-24T19:11:04.125477Z","level":"INFO","fields":{"message":"Reloading browser for: http://localhost:5446/"},"target":"simple_site_builder::builder"}
{"timestamp":"2025-09-24T19:11:14.388653Z","level":"INFO","fields":{"message":"Building site"},"target":"simple_site_builder::builder"}
{"timestamp":"2025-09-24T19:11:14.421255Z","level":"INFO","fields":{"message":"Reloading browser for: http://localhost:5446/"},"target":"simple_site_builder::builder"}
{"timestamp":"2025-09-24T19:11:35.196177Z","level":"INFO","fields":{"message":"Building site"},"target":"simple_site_builder::builder"}
{"timestamp":"2025-09-24T19:11:35.241967Z","level":"INFO","fields":{"message":"Reloading browser for: http://localhost:5446/"},"target":"simple_site_builder::builder"}
{"timestamp":"2025-09-24T19:12:20.655340Z","level":"INFO","fields":{"message":"Building site"},"target":"simple_site_builder::builder"}
{"timestamp":"2025-09-24T19:12:20.680330Z","level":"INFO","fields":{"message":"Reloading browser for: http://localhost:5446/"},"target":"simple_site_builder::builder"}
{"timestamp":"2025-09-24T19:12:46.368611Z","level":"INFO","fields":{"message":"Building site"},"target":"simple_site_builder::builder"}
{"timestamp":"2025-09-24T19:12:46.391761Z","level":"INFO","fields":{"message":"Reloading browser for: http://localhost:5446/"},"target":"simple_site_builder::builder"}
{"timestamp":"2025-09-24T19:13:06.156972Z","level":"INFO","fields":{"message":"Building site"},"target":"simple_site_builder::builder"}
{"timestamp":"2025-09-24T19:13:06.199261Z","level":"INFO","fields":{"message":"Reloading browser for: http://localhost:5446/"},"target":"simple_site_builder::builder"}
{"timestamp":"2025-09-24T19:14:15.075831Z","level":"INFO","fields":{"message":"Building site"},"target":"simple_site_builder::builder"}
{"timestamp":"2025-09-24T19:14:15.100438Z","level":"INFO","fields":{"message":"Reloading browser for: http://localhost:5446/"},"target":"simple_site_builder::builder"}
{"timestamp":"2025-09-24T19:29:18.695224Z","level":"INFO","fields":{"message":"Building site"},"target":"simple_site_builder::builder"}
{"timestamp":"2025-09-24T19:29:18.720444Z","level":"INFO","fields":{"message":"Reloading browser for: http://localhost:5446/"},"target":"simple_site_builder::builder"}
{"timestamp":"2025-09-24T19:29:47.727765Z","level":"INFO","fields":{"message":"Building site"},"target":"simple_site_builder::builder"}
{"timestamp":"2025-09-24T19:29:47.784423Z","level":"INFO","fields":{"message":"Reloading browser for: http://localhost:5446/"},"target":"simple_site_builder::builder"}
{"timestamp":"2025-09-24T19:30:01.681294Z","level":"INFO","fields":{"message":"Building site"},"target":"simple_site_builder::builder"}
{"timestamp":"2025-09-24T19:30:01.720426Z","level":"INFO","fields":{"message":"Reloading browser for: http://localhost:5446/"},"target":"simple_site_builder::builder"}
{"timestamp":"2025-09-24T19:30:12.127530Z","level":"INFO","fields":{"message":"Building site"},"target":"simple_site_builder::builder"}
{"timestamp":"2025-09-24T19:30:12.167081Z","level":"INFO","fields":{"message":"Reloading browser for: http://localhost:5446/"},"target":"simple_site_builder::builder"}
{"timestamp":"2025-09-24T19:30:19.779654Z","level":"INFO","fields":{"message":"Building site"},"target":"simple_site_builder::builder"}
{"timestamp":"2025-09-24T19:30:19.812732Z","level":"INFO","fields":{"message":"Reloading browser for: http://localhost:5446/"},"target":"simple_site_builder::builder"}
{"timestamp":"2025-09-24T19:30:27.287439Z","level":"INFO","fields":{"message":"Building site"},"target":"simple_site_builder::builder"}
{"timestamp":"2025-09-24T19:30:27.327014Z","level":"INFO","fields":{"message":"Reloading browser for: http://localhost:5446/"},"target":"simple_site_builder::builder"}
{"timestamp":"2025-09-24T19:30:53.538083Z","level":"INFO","fields":{"message":"Building site"},"target":"simple_site_builder::builder"}
{"timestamp":"2025-09-24T19:30:53.580826Z","level":"INFO","fields":{"message":"Reloading browser for: http://localhost:5446/"},"target":"simple_site_builder::builder"}
{"timestamp":"2025-09-24T19:31:43.788841Z","level":"INFO","fields":{"message":"Building site"},"target":"simple_site_builder::builder"}
{"timestamp":"2025-09-24T19:31:43.814285Z","level":"INFO","fields":{"message":"Reloading browser for: http://localhost:5446/"},"target":"simple_site_builder::builder"}
{"timestamp":"2025-09-24T19:32:21.105557Z","level":"INFO","fields":{"message":"Building site"},"target":"simple_site_builder::builder"}
{"timestamp":"2025-09-24T19:32:21.140669Z","level":"INFO","fields":{"message":"Reloading browser for: http://localhost:5446/"},"target":"simple_site_builder::builder"}
{"timestamp":"2025-09-24T19:32:48.670288Z","level":"INFO","fields":{"message":"Building site"},"target":"simple_site_builder::builder"}
{"timestamp":"2025-09-24T19:32:48.727358Z","level":"INFO","fields":{"message":"Reloading browser for: http://localhost:5446/"},"target":"simple_site_builder::builder"}
{"timestamp":"2025-09-24T19:32:57.219018Z","level":"INFO","fields":{"message":"Building site"},"target":"simple_site_builder::builder"}
{"timestamp":"2025-09-24T19:32:57.259167Z","level":"INFO","fields":{"message":"Reloading browser for: http://localhost:5446/"},"target":"simple_site_builder::builder"}
{"timestamp":"2025-09-24T19:33:43.999203Z","level":"INFO","fields":{"message":"Building site"},"target":"simple_site_builder::builder"}
{"timestamp":"2025-09-24T19:33:44.022551Z","level":"INFO","fields":{"message":"Reloading browser for: http://localhost:5446/"},"target":"simple_site_builder::builder"}
{"timestamp":"2025-09-24T19:36:07.730734Z","level":"INFO","fields":{"message":"Building site"},"target":"simple_site_builder::builder"}
{"timestamp":"2025-09-24T19:36:07.754983Z","level":"INFO","fields":{"message":"Reloading browser for: http://localhost:5446/"},"target":"simple_site_builder::builder"}
{"timestamp":"2025-09-24T19:36:12.162185Z","level":"INFO","fields":{"message":"Building site"},"target":"simple_site_builder::builder"}
{"timestamp":"2025-09-24T19:36:12.192701Z","level":"INFO","fields":{"message":"Reloading browser for: http://localhost:5446/"},"target":"simple_site_builder::builder"}
{"timestamp":"2025-09-24T19:36:22.830553Z","level":"INFO","fields":{"message":"Building site"},"target":"simple_site_builder::builder"}
{"timestamp":"2025-09-24T19:36:22.870618Z","level":"INFO","fields":{"message":"Reloading browser for: http://localhost:5446/"},"target":"simple_site_builder::builder"}
{"timestamp":"2025-09-24T19:36:26.865559Z","level":"INFO","fields":{"message":"Building site"},"target":"simple_site_builder::builder"}
{"timestamp":"2025-09-24T19:36:26.907520Z","level":"INFO","fields":{"message":"Reloading browser for: http://localhost:5446/"},"target":"simple_site_builder::builder"}
{"timestamp":"2025-09-24T19:36:55.905735Z","level":"INFO","fields":{"message":"Building site"},"target":"simple_site_builder::builder"}
{"timestamp":"2025-09-24T19:36:55.933264Z","level":"INFO","fields":{"message":"Reloading browser for: http://localhost:5446/"},"target":"simple_site_builder::builder"}
{"timestamp":"2025-09-24T19:37:05.709079Z","level":"INFO","fields":{"message":"Building site"},"target":"simple_site_builder::builder"}
{"timestamp":"2025-09-24T19:37:05.745680Z","level":"INFO","fields":{"message":"Reloading browser for: http://localhost:5446/"},"target":"simple_site_builder::builder"}
{"timestamp":"2025-09-24T19:37:29.160470Z","level":"INFO","fields":{"message":"Building site"},"target":"simple_site_builder::builder"}
{"timestamp":"2025-09-24T19:37:29.183560Z","level":"INFO","fields":{"message":"Reloading browser for: http://localhost:5446/"},"target":"simple_site_builder::builder"}
{"timestamp":"2025-09-24T19:37:37.010890Z","level":"INFO","fields":{"message":"Building site"},"target":"simple_site_builder::builder"}
{"timestamp":"2025-09-24T19:37:37.056634Z","level":"INFO","fields":{"message":"Reloading browser for: http://localhost:5446/"},"target":"simple_site_builder::builder"}
{"timestamp":"2025-09-24T19:38:03.689127Z","level":"INFO","fields":{"message":"Building site"},"target":"simple_site_builder::builder"}
{"timestamp":"2025-09-24T19:38:03.715165Z","level":"INFO","fields":{"message":"Reloading browser for: http://localhost:5446/"},"target":"simple_site_builder::builder"}
{"timestamp":"2025-09-24T19:38:18.360751Z","level":"INFO","fields":{"message":"Building site"},"target":"simple_site_builder::builder"}
{"timestamp":"2025-09-24T19:38:18.384960Z","level":"INFO","fields":{"message":"Reloading browser for: http://localhost:5446/"},"target":"simple_site_builder::builder"}
{"timestamp":"2025-09-24T19:38:43.554672Z","level":"INFO","fields":{"message":"Building site"},"target":"simple_site_builder::builder"}
{"timestamp":"2025-09-24T19:38:43.581498Z","level":"INFO","fields":{"message":"Reloading browser for: http://localhost:5446/"},"target":"simple_site_builder::builder"}
{"timestamp":"2025-09-24T19:39:32.576178Z","level":"INFO","fields":{"message":"Building site"},"target":"simple_site_builder::builder"}
{"timestamp":"2025-09-24T19:39:32.599966Z","level":"INFO","fields":{"message":"Reloading browser for: http://localhost:5446/"},"target":"simple_site_builder::builder"}
{"timestamp":"2025-09-24T19:39:50.818045Z","level":"INFO","fields":{"message":"Building site"},"target":"simple_site_builder::builder"}
{"timestamp":"2025-09-24T19:39:50.852662Z","level":"INFO","fields":{"message":"Reloading browser for: http://localhost:5446/"},"target":"simple_site_builder::builder"}
{"timestamp":"2025-09-24T19:40:48.853309Z","level":"INFO","fields":{"message":"Building site"},"target":"simple_site_builder::builder"}
{"timestamp":"2025-09-24T19:40:48.878202Z","level":"INFO","fields":{"message":"Reloading browser for: http://localhost:5446/"},"target":"simple_site_builder::builder"}
{"timestamp":"2025-09-24T19:40:53.323129Z","level":"INFO","fields":{"message":"Building site"},"target":"simple_site_builder::builder"}
{"timestamp":"2025-09-24T19:40:53.369866Z","level":"INFO","fields":{"message":"Reloading browser for: http://localhost:5446/"},"target":"simple_site_builder::builder"}
{"timestamp":"2025-09-24T19:41:15.922976Z","level":"INFO","fields":{"message":"Building site"},"target":"simple_site_builder::builder"}
{"timestamp":"2025-09-24T19:41:15.960428Z","level":"INFO","fields":{"message":"Reloading browser for: http://localhost:5446/"},"target":"simple_site_builder::builder"}
{"timestamp":"2025-09-24T19:41:23.538403Z","level":"INFO","fields":{"message":"Building site"},"target":"simple_site_builder::builder"}
{"timestamp":"2025-09-24T19:41:23.577406Z","level":"INFO","fields":{"message":"Reloading browser for: http://localhost:5446/"},"target":"simple_site_builder::builder"}
{"timestamp":"2025-09-24T19:41:32.487466Z","level":"INFO","fields":{"message":"Building site"},"target":"simple_site_builder::builder"}
{"timestamp":"2025-09-24T19:41:32.516959Z","level":"INFO","fields":{"message":"Reloading browser for: http://localhost:5446/"},"target":"simple_site_builder::builder"}
{"timestamp":"2025-09-24T19:41:46.485402Z","level":"INFO","fields":{"message":"Building site"},"target":"simple_site_builder::builder"}
{"timestamp":"2025-09-24T19:41:46.522869Z","level":"INFO","fields":{"message":"Reloading browser for: http://localhost:5446/"},"target":"simple_site_builder::builder"}
{"timestamp":"2025-09-24T19:41:50.728901Z","level":"INFO","fields":{"message":"Building site"},"target":"simple_site_builder::builder"}
{"timestamp":"2025-09-24T19:41:50.765348Z","level":"INFO","fields":{"message":"Reloading browser for: http://localhost:5446/"},"target":"simple_site_builder::builder"}
{"timestamp":"2025-09-24T19:42:29.634586Z","level":"INFO","fields":{"message":"Building site"},"target":"simple_site_builder::builder"}
{"timestamp":"2025-09-24T19:42:29.660439Z","level":"INFO","fields":{"message":"Reloading browser for: http://localhost:5446/"},"target":"simple_site_builder::builder"}
{"timestamp":"2025-09-24T19:43:01.505556Z","level":"INFO","fields":{"message":"Building site"},"target":"simple_site_builder::builder"}
{"timestamp":"2025-09-24T19:43:01.542165Z","level":"INFO","fields":{"message":"Reloading browser for: http://localhost:5446/"},"target":"simple_site_builder::builder"}
{"timestamp":"2025-09-24T19:43:05.891944Z","level":"INFO","fields":{"message":"Building site"},"target":"simple_site_builder::builder"}
{"timestamp":"2025-09-24T19:43:05.920935Z","level":"INFO","fields":{"message":"Reloading browser for: http://localhost:5446/"},"target":"simple_site_builder::builder"}
{"timestamp":"2025-09-24T19:43:10.080317Z","level":"INFO","fields":{"message":"Building site"},"target":"simple_site_builder::builder"}
{"timestamp":"2025-09-24T19:43:10.119538Z","level":"INFO","fields":{"message":"Reloading browser for: http://localhost:5446/"},"target":"simple_site_builder::builder"}
{"timestamp":"2025-09-24T19:43:14.329041Z","level":"INFO","fields":{"message":"Building site"},"target":"simple_site_builder::builder"}
{"timestamp":"2025-09-24T19:43:14.373162Z","level":"INFO","fields":{"message":"Reloading browser for: http://localhost:5446/"},"target":"simple_site_builder::builder"}
{"timestamp":"2025-09-24T19:44:10.173350Z","level":"INFO","fields":{"message":"Building site"},"target":"simple_site_builder::builder"}
{"timestamp":"2025-09-24T19:44:10.206783Z","level":"INFO","fields":{"message":"Reloading browser for: http://localhost:5446/"},"target":"simple_site_builder::builder"}
{"timestamp":"2025-09-24T19:44:18.142492Z","level":"INFO","fields":{"message":"Building site"},"target":"simple_site_builder::builder"}
{"timestamp":"2025-09-24T19:44:18.184151Z","level":"INFO","fields":{"message":"Reloading browser for: http://localhost:5446/"},"target":"simple_site_builder::builder"}
{"timestamp":"2025-09-24T19:44:35.027144Z","level":"INFO","fields":{"message":"Building site"},"target":"simple_site_builder::builder"}
{"timestamp":"2025-09-24T19:44:35.052415Z","level":"INFO","fields":{"message":"Reloading browser for: http://localhost:5446/"},"target":"simple_site_builder::builder"}
{"timestamp":"2025-09-24T19:46:02.074223Z","level":"INFO","fields":{"message":"Building site"},"target":"simple_site_builder::builder"}
{"timestamp":"2025-09-24T19:46:02.101537Z","level":"INFO","fields":{"message":"Reloading browser for: http://localhost:5446/"},"target":"simple_site_builder::builder"}
{"timestamp":"2025-09-24T19:46:32.423141Z","level":"INFO","fields":{"message":"Building site"},"target":"simple_site_builder::builder"}
{"timestamp":"2025-09-24T19:46:32.465555Z","level":"INFO","fields":{"message":"Reloading browser for: http://localhost:5446/"},"target":"simple_site_builder::builder"}
{"timestamp":"2025-09-24T21:19:51.671744Z","level":"INFO","fields":{"message":"Building site"},"target":"simple_site_builder::builder"}
{"timestamp":"2025-09-24T21:19:51.697716Z","level":"INFO","fields":{"message":"Reloading browser for: http://localhost:5446/"},"target":"simple_site_builder::builder"}
{"timestamp":"2025-09-24T21:20:32.294946Z","level":"INFO","fields":{"message":"Building site"},"target":"simple_site_builder::builder"}
{"timestamp":"2025-09-24T21:20:32.342101Z","level":"INFO","fields":{"message":"Reloading browser for: http://localhost:5446/"},"target":"simple_site_builder::builder"}
{"timestamp":"2025-09-24T21:21:52.566784Z","level":"INFO","fields":{"message":"Building site"},"target":"simple_site_builder::builder"}
{"timestamp":"2025-09-24T21:21:52.596658Z","level":"INFO","fields":{"message":"Reloading browser for: http://localhost:5446/"},"target":"simple_site_builder::builder"}
{"timestamp":"2025-09-24T21:22:06.780745Z","level":"INFO","fields":{"message":"Building site"},"target":"simple_site_builder::builder"}
{"timestamp":"2025-09-24T21:22:06.832183Z","level":"INFO","fields":{"message":"Reloading browser for: http://localhost:5446/"},"target":"simple_site_builder::builder"}
{"timestamp":"2025-09-24T21:22:31.617352Z","level":"INFO","fields":{"message":"Building site"},"target":"simple_site_builder::builder"}
{"timestamp":"2025-09-24T21:22:31.646998Z","level":"INFO","fields":{"message":"Reloading browser for: http://localhost:5446/"},"target":"simple_site_builder::builder"}
{"timestamp":"2025-09-24T21:23:32.390303Z","level":"INFO","fields":{"message":"Building site"},"target":"simple_site_builder::builder"}
{"timestamp":"2025-09-24T21:23:32.418946Z","level":"INFO","fields":{"message":"Reloading browser for: http://localhost:5446/"},"target":"simple_site_builder::builder"}
{"timestamp":"2025-09-24T21:23:39.714710Z","level":"INFO","fields":{"message":"Building site"},"target":"simple_site_builder::builder"}
{"timestamp":"2025-09-24T21:23:39.761760Z","level":"INFO","fields":{"message":"Reloading browser for: http://localhost:5446/"},"target":"simple_site_builder::builder"}
{"timestamp":"2025-09-24T21:23:48.627646Z","level":"INFO","fields":{"message":"Building site"},"target":"simple_site_builder::builder"}
{"timestamp":"2025-09-24T21:23:48.662174Z","level":"INFO","fields":{"message":"Reloading browser for: http://localhost:5446/"},"target":"simple_site_builder::builder"}
{"timestamp":"2025-09-24T21:25:02.949586Z","level":"INFO","fields":{"message":"Building site"},"target":"simple_site_builder::builder"}
{"timestamp":"2025-09-24T21:25:02.974956Z","level":"INFO","fields":{"message":"Reloading browser for: http://localhost:5446/"},"target":"simple_site_builder::builder"}
{"timestamp":"2025-09-24T21:25:19.693269Z","level":"INFO","fields":{"message":"Building site"},"target":"simple_site_builder::builder"}
{"timestamp":"2025-09-24T21:25:19.732207Z","level":"INFO","fields":{"message":"Reloading browser for: http://localhost:5446/"},"target":"simple_site_builder::builder"}
{"timestamp":"2025-09-24T21:25:41.868066Z","level":"INFO","fields":{"message":"Building site"},"target":"simple_site_builder::builder"}
{"timestamp":"2025-09-24T21:25:41.892891Z","level":"INFO","fields":{"message":"Reloading browser for: http://localhost:5446/"},"target":"simple_site_builder::builder"}
{"timestamp":"2025-09-24T21:25:49.777170Z","level":"INFO","fields":{"message":"Building site"},"target":"simple_site_builder::builder"}
{"timestamp":"2025-09-24T21:25:49.815895Z","level":"INFO","fields":{"message":"Reloading browser for: http://localhost:5446/"},"target":"simple_site_builder::builder"}
{"timestamp":"2025-09-24T21:26:17.524069Z","level":"INFO","fields":{"message":"Building site"},"target":"simple_site_builder::builder"}
{"timestamp":"2025-09-24T21:26:17.551409Z","level":"INFO","fields":{"message":"Reloading browser for: http://localhost:5446/"},"target":"simple_site_builder::builder"}
{"timestamp":"2025-09-24T21:30:27.778589Z","level":"INFO","fields":{"message":"Building site"},"target":"simple_site_builder::builder"}
{"timestamp":"2025-09-24T21:30:27.806702Z","level":"INFO","fields":{"message":"Reloading browser for: http://localhost:5446/"},"target":"simple_site_builder::builder"}
{"timestamp":"2025-09-24T21:31:00.700371Z","level":"INFO","fields":{"message":"Building site"},"target":"simple_site_builder::builder"}
{"timestamp":"2025-09-24T21:31:00.725999Z","level":"INFO","fields":{"message":"Reloading browser for: http://localhost:5446/"},"target":"simple_site_builder::builder"}
{"timestamp":"2025-09-24T21:31:15.746082Z","level":"INFO","fields":{"message":"Building site"},"target":"simple_site_builder::builder"}
{"timestamp":"2025-09-24T21:31:15.793103Z","level":"INFO","fields":{"message":"Reloading browser for: http://localhost:5446/"},"target":"simple_site_builder::builder"}
{"timestamp":"2025-09-24T21:31:40.663058Z","level":"INFO","fields":{"message":"Building site"},"target":"simple_site_builder::builder"}
{"timestamp":"2025-09-24T21:31:40.696197Z","level":"INFO","fields":{"message":"Reloading browser for: http://localhost:5446/"},"target":"simple_site_builder::builder"}
{"timestamp":"2025-09-24T21:31:53.826986Z","level":"INFO","fields":{"message":"Building site"},"target":"simple_site_builder::builder"}
{"timestamp":"2025-09-24T21:31:53.874835Z","level":"INFO","fields":{"message":"Reloading browser for: http://localhost:5446/"},"target":"simple_site_builder::builder"}
{"timestamp":"2025-09-24T21:31:58.410407Z","level":"INFO","fields":{"message":"Building site"},"target":"simple_site_builder::builder"}
{"timestamp":"2025-09-24T21:31:58.450406Z","level":"INFO","fields":{"message":"Reloading browser for: http://localhost:5446/"},"target":"simple_site_builder::builder"}
{"timestamp":"2025-09-24T21:32:06.335605Z","level":"INFO","fields":{"message":"Building site"},"target":"simple_site_builder::builder"}
{"timestamp":"2025-09-24T21:32:06.368071Z","level":"INFO","fields":{"message":"Reloading browser for: http://localhost:5446/"},"target":"simple_site_builder::builder"}
{"timestamp":"2025-09-24T21:32:15.791032Z","level":"INFO","fields":{"message":"Building site"},"target":"simple_site_builder::builder"}
{"timestamp":"2025-09-24T21:32:15.828106Z","level":"INFO","fields":{"message":"Reloading browser for: http://localhost:5446/"},"target":"simple_site_builder::builder"}
{"timestamp":"2025-09-24T21:32:20.107479Z","level":"INFO","fields":{"message":"Building site"},"target":"simple_site_builder::builder"}
{"timestamp":"2025-09-24T21:32:20.142990Z","level":"INFO","fields":{"message":"Reloading browser for: http://localhost:5446/"},"target":"simple_site_builder::builder"}
{"timestamp":"2025-09-24T21:32:25.010348Z","level":"INFO","fields":{"message":"Building site"},"target":"simple_site_builder::builder"}
{"timestamp":"2025-09-24T21:32:25.046193Z","level":"INFO","fields":{"message":"Reloading browser for: http://localhost:5446/"},"target":"simple_site_builder::builder"}
{"timestamp":"2025-09-24T21:32:35.276995Z","level":"INFO","fields":{"message":"Building site"},"target":"simple_site_builder::builder"}
{"timestamp":"2025-09-24T21:32:35.314410Z","level":"INFO","fields":{"message":"Reloading browser for: http://localhost:5446/"},"target":"simple_site_builder::builder"}
{"timestamp":"2025-09-24T21:33:50.687448Z","level":"INFO","fields":{"message":"Building site"},"target":"simple_site_builder::builder"}
{"timestamp":"2025-09-24T21:33:50.714108Z","level":"INFO","fields":{"message":"Reloading browser for: http://localhost:5446/"},"target":"simple_site_builder::builder"}
{"timestamp":"2025-09-24T21:33:52.208524Z","level":"INFO","fields":{"message":"Building site"},"target":"simple_site_builder::builder"}
{"timestamp":"2025-09-24T21:33:52.243424Z","level":"INFO","fields":{"message":"Reloading browser for: http://localhost:5446/"},"target":"simple_site_builder::builder"}
{"timestamp":"2025-09-24T21:33:54.020276Z","level":"INFO","fields":{"message":"Building site"},"target":"simple_site_builder::builder"}
{"timestamp":"2025-09-24T21:33:54.063638Z","level":"INFO","fields":{"message":"Reloading browser for: http://localhost:5446/"},"target":"simple_site_builder::builder"}
{"timestamp":"2025-09-24T21:34:01.256632Z","level":"INFO","fields":{"message":"Building site"},"target":"simple_site_builder::builder"}
{"timestamp":"2025-09-24T21:34:01.293528Z","level":"INFO","fields":{"message":"Reloading browser for: http://localhost:5446/"},"target":"simple_site_builder::builder"}
{"timestamp":"2025-09-24T21:34:39.556385Z","level":"INFO","fields":{"message":"Building site"},"target":"simple_site_builder::builder"}
{"timestamp":"2025-09-24T21:34:39.599900Z","level":"INFO","fields":{"message":"Reloading browser for: http://localhost:5446/"},"target":"simple_site_builder::builder"}
{"timestamp":"2025-09-24T21:35:31.992918Z","level":"INFO","fields":{"message":"Building site"},"target":"simple_site_builder::builder"}
{"timestamp":"2025-09-24T21:35:32.023406Z","level":"INFO","fields":{"message":"Reloading browser for: http://localhost:5446/"},"target":"simple_site_builder::builder"}
{"timestamp":"2025-09-24T21:36:12.796107Z","level":"INFO","fields":{"message":"Building site"},"target":"simple_site_builder::builder"}
{"timestamp":"2025-09-24T21:36:12.825393Z","level":"INFO","fields":{"message":"Reloading browser for: http://localhost:5446/"},"target":"simple_site_builder::builder"}
{"timestamp":"2025-09-24T21:36:34.934468Z","level":"INFO","fields":{"message":"Building site"},"target":"simple_site_builder::builder"}
{"timestamp":"2025-09-24T21:36:34.961109Z","level":"INFO","fields":{"message":"Reloading browser for: http://localhost:5446/"},"target":"simple_site_builder::builder"}
{"timestamp":"2025-09-24T21:36:47.215399Z","level":"INFO","fields":{"message":"Building site"},"target":"simple_site_builder::builder"}
{"timestamp":"2025-09-24T21:36:47.255025Z","level":"INFO","fields":{"message":"Reloading browser for: http://localhost:5446/"},"target":"simple_site_builder::builder"}
{"timestamp":"2025-09-24T21:36:48.898982Z","level":"INFO","fields":{"message":"Building site"},"target":"simple_site_builder::builder"}
{"timestamp":"2025-09-24T21:36:48.939467Z","level":"INFO","fields":{"message":"Reloading browser for: http://localhost:5446/"},"target":"simple_site_builder::builder"}
{"timestamp":"2025-09-24T21:36:54.726431Z","level":"INFO","fields":{"message":"Building site"},"target":"simple_site_builder::builder"}
{"timestamp":"2025-09-24T21:36:54.766190Z","level":"INFO","fields":{"message":"Reloading browser for: http://localhost:5446/"},"target":"simple_site_builder::builder"}
{"timestamp":"2025-09-24T21:37:15.122373Z","level":"INFO","fields":{"message":"Building site"},"target":"simple_site_builder::builder"}
{"timestamp":"2025-09-24T21:37:15.168408Z","level":"INFO","fields":{"message":"Reloading browser for: http://localhost:5446/"},"target":"simple_site_builder::builder"}
{"timestamp":"2025-09-24T21:38:04.327090Z","level":"INFO","fields":{"message":"Building site"},"target":"simple_site_builder::builder"}
{"timestamp":"2025-09-24T21:38:04.370241Z","level":"INFO","fields":{"message":"Reloading browser for: http://localhost:5446/"},"target":"simple_site_builder::builder"}
{"timestamp":"2025-09-24T21:38:22.542851Z","level":"INFO","fields":{"message":"Building site"},"target":"simple_site_builder::builder"}
{"timestamp":"2025-09-24T21:38:22.570518Z","level":"INFO","fields":{"message":"Reloading browser for: http://localhost:5446/"},"target":"simple_site_builder::builder"}
{"timestamp":"2025-09-24T21:38:30.023796Z","level":"INFO","fields":{"message":"Building site"},"target":"simple_site_builder::builder"}
{"timestamp":"2025-09-24T21:38:30.072660Z","level":"INFO","fields":{"message":"Reloading browser for: http://localhost:5446/"},"target":"simple_site_builder::builder"}
{"timestamp":"2025-09-24T21:39:33.729713Z","level":"INFO","fields":{"message":"Building site"},"target":"simple_site_builder::builder"}
{"timestamp":"2025-09-24T21:39:33.759143Z","level":"INFO","fields":{"message":"Reloading browser for: http://localhost:5446/"},"target":"simple_site_builder::builder"}
{"timestamp":"2025-09-24T21:40:04.662139Z","level":"INFO","fields":{"message":"Building site"},"target":"simple_site_builder::builder"}
{"timestamp":"2025-09-24T21:40:04.689714Z","level":"INFO","fields":{"message":"Reloading browser for: http://localhost:5446/"},"target":"simple_site_builder::builder"}
{"timestamp":"2025-09-24T21:40:31.466219Z","level":"INFO","fields":{"message":"Building site"},"target":"simple_site_builder::builder"}
{"timestamp":"2025-09-24T21:40:31.492338Z","level":"INFO","fields":{"message":"Reloading browser for: http://localhost:5446/"},"target":"simple_site_builder::builder"}
{"timestamp":"2025-09-24T21:40:34.173103Z","level":"INFO","fields":{"message":"Building site"},"target":"simple_site_builder::builder"}
{"timestamp":"2025-09-24T21:40:34.212813Z","level":"INFO","fields":{"message":"Reloading browser for: http://localhost:5446/"},"target":"simple_site_builder::builder"}
{"timestamp":"2025-09-24T21:40:42.752948Z","level":"INFO","fields":{"message":"Building site"},"target":"simple_site_builder::builder"}
{"timestamp":"2025-09-24T21:40:42.786871Z","level":"INFO","fields":{"message":"Reloading browser for: http://localhost:5446/"},"target":"simple_site_builder::builder"}
{"timestamp":"2025-09-24T21:40:58.857676Z","level":"INFO","fields":{"message":"Building site"},"target":"simple_site_builder::builder"}
{"timestamp":"2025-09-24T21:40:58.883018Z","level":"INFO","fields":{"message":"Reloading browser for: http://localhost:5446/"},"target":"simple_site_builder::builder"}
{"timestamp":"2025-09-24T21:41:24.886178Z","level":"INFO","fields":{"message":"Building site"},"target":"simple_site_builder::builder"}
{"timestamp":"2025-09-24T21:41:24.912538Z","level":"INFO","fields":{"message":"Reloading browser for: http://localhost:5446/"},"target":"simple_site_builder::builder"}
{"timestamp":"2025-09-24T21:44:32.676033Z","level":"INFO","fields":{"message":"Building site"},"target":"simple_site_builder::builder"}
{"timestamp":"2025-09-24T21:44:32.704938Z","level":"INFO","fields":{"message":"Reloading browser for: http://localhost:5446/"},"target":"simple_site_builder::builder"}
{"timestamp":"2025-09-24T21:45:15.795854Z","level":"INFO","fields":{"message":"Building site"},"target":"simple_site_builder::builder"}
{"timestamp":"2025-09-24T21:45:15.823569Z","level":"INFO","fields":{"message":"Reloading browser for: http://localhost:5446/"},"target":"simple_site_builder::builder"}
{"timestamp":"2025-09-24T21:45:34.552194Z","level":"INFO","fields":{"message":"Building site"},"target":"simple_site_builder::builder"}
{"timestamp":"2025-09-24T21:45:34.578470Z","level":"INFO","fields":{"message":"Reloading browser for: http://localhost:5446/"},"target":"simple_site_builder::builder"}
